屏幕sleep操作记录2024年8月24日 星期六 08:14:22

屏幕sleep操作记录2024年8月24日 星期六 08:17:29

屏幕sleep操作记录2024年8月26日 星期一 07:29:32

屏幕sleep操作记录2024年8月26日 星期一 08:32:22

屏幕sleep操作记录2024年8月26日 星期一 08:41:02

屏幕sleep操作记录2024年8月25日 星期日 20:41:17

屏幕sleep操作记录2024年8月26日 星期一 07:31:28

屏幕sleep操作记录2024年8月26日 星期一 11:41:15

屏幕sleep操作记录2024年8月27日 星期二 22:31:35

屏幕sleep操作记录2024年8月28日 星期三 02:41:22

屏幕sleep操作记录2024年8月28日 星期三 07:32:41

屏幕sleep操作记录2024年8月28日 星期三 22:29:20

屏幕sleep操作记录2024年8月29日 星期四 02:39:19

屏幕sleep操作记录2024年8月29日 星期四 07:39:04

屏幕sleep操作记录2024年8月29日 星期四 07:51:03

屏幕sleep操作记录2024年8月30日 星期五 09:50:30
屏幕sleep操作记录2024年8月30日 星期五 09:50:36
屏幕sleep操作记录2024年8月30日 星期五 09:50:38
屏幕sleep操作记录2024年8月30日 星期五 11:41:30

自动打卡记录 2024年8月30日 星期五 11:40:02

自动打卡记录 2024年8月30日 星期五 15:15:00
自动用餐签出签入打卡记录 2024年8月30日 星期五 16:07:45
